(t0): New task P1
(t0): New task P2
(t0): New task P3
(t0): P1 running
(t1): Task P1 goes to sleep until (t2)
(t0): Context switch (P1)<->(P2)
(t1): P2 running
(t2): task P1 awoken
(t2): P2 running
(t2): Context switch (P2)<->(P3)
(t3): P3 running
(t4): P3 running
(t4): Context switch (P3)<->(P1)
(t5): P1 running
(t6): Task P1 goes to sleep until (t7)
(t5): Context switch (P1)<->(P2)
(t6): P2 running
(t7): Task P2 goes to sleep until (t8)
(t7): task P1 awoken
(t6): Context switch (P2)<->(P1)
(t7): P1 running
(t8): Task P1 goes to sleep until (t9)
(t8): task P2 awoken
(t7): Context switch (P1)<->(P2)
(t8): P2 running
(t9): Task P2 goes to sleep until (t10)
(t9): task P1 awoken
(t8): Context switch (P2)<->(P1)
(t9): P1 running
(t10): Task P1 goes to sleep until (t11)
(t10): task P2 awoken
(t9): Context switch (P1)<->(P2)
(t10): P2 running
(t11): Task P2 goes to sleep until (t12)
(t11): task P1 awoken
(t10): Context switch (P2)<->(P1)
(t11): P1 running
(t12): Task P1 goes to sleep until (t13)
(t11): Context switch (P1)<->(P3)
(t12): P3 running
(t13): P3 running
(t14): P3 running
(t15): Task P3 goes to sleep until (t16)
(t14): Context switch (P3)<->(idle)
(t15): idle running
(t16): task P3 awoken
(t15): Context switch (idle)<->(P3)
(t16): P3 running
(t17): P3 running
(t18): P3 running
(t19): P3 running
(t20): Task P3 goes to sleep until (t21)
(t19): Context switch (P3)<->(idle)
(t20): idle running
==================
P1	0	1	run
P1	1	2	io
P1	2	5	wait
P1	5	6	run
P1	6	7	io
P1	7	8	run
P1	8	9	io
P1	9	10	run
P1	10	11	io
P1	11	12	run
P1	12	13	io
P2	0	1	wait
P2	1	3	run
P2	3	6	wait
P2	6	7	run
P2	7	8	io
P2	8	9	run
P2	9	10	io
P2	10	11	run
P2	11	12	io
P3	0	3	wait
P3	3	5	run
P3	5	12	wait
P3	12	15	run
P3	15	16	io
P3	16	20	run
P3	20	21	io
